<?xml version="1.0" encoding="UTF-8"?>
<!-- Generated by org.testng.reporters.JUnitXMLReporter -->
<testsuite ignored="0" hostname="SR" failures="0" tests="3" name="Default test" time="13.245" errors="0" timestamp="2026-04-20T16:39:00 IST">
  <testcase classname="com.test.DemoBlazeDataProviderMain" name="loginCheck" time="5.899"/>
  <testcase classname="com.test.DemoBlazeDataProviderMain" name="loginCheckInValPass" time="4.615"/>
  <testcase classname="com.test.DemoBlazeDataProviderMain" name="loginCheckInValPass" time="4.557"/>
</testsuite> <!-- Default test -->
