<?xml version="1.0" encoding="UTF-8"?>
<!-- Generated by org.testng.reporters.JUnitXMLReporter -->
<testsuite ignored="0" hostname="SR" failures="0" tests="3" name="Test" time="8.266" errors="0" timestamp="2026-04-22T12:01:53 IST">
  <testcase classname="com.newTest.LoginDemoBlaze" name="beforeMethod" time="1.423"/>
  <testcase classname="com.newTest.LoginDemoBlaze" name="loginInvalCheck" time="4.157"/>
  <testcase classname="com.newTest.LoginDemoBlaze" name="loginCheck" time="5.793"/>
</testsuite> <!-- Test -->
