<?xml version="1.0" encoding="UTF-8"?>
<!-- Generated by org.testng.reporters.JUnitXMLReporter -->
<testsuite ignored="0" hostname="SR" failures="0" tests="3" name="Test" time="17.336" errors="0" timestamp="2026-04-20T14:11:51 IST">
  <testcase classname="com.test.DemoBlazeWithParameter" name="login" time="2.342"/>
  <testcase classname="com.test.DemoBlazeWithParameter" name="loginCheckInValPass" time="1.466"/>
  <testcase classname="com.test.DemoBlazeWithParameter" name="loginCheckInValUserName" time="1.465"/>
</testsuite> <!-- Test -->
