<?xml version="1.0" encoding="UTF-8"?>
<!-- Generated by org.testng.reporters.JUnitXMLReporter -->
<testsuite ignored="0" hostname="SR" failures="2" tests="6" name="Parallel Tests" time="9.691" errors="0" timestamp="2026-04-20T11:56:38 IST">
  <testcase classname="com.test.DemoAnnotations" name="loginTest" time="0.003"/>
  <testcase classname="com.test.DemoAnnotations" name="logOutTest" time="0.002"/>
  <testcase classname="com.test.DemoNewTest" name="dependsGroup" time="0.001"/>
  <testcase classname="com.test.DemoNewTest" name="loginCheck" time="1.244">
    <failure type="org.openqa.selenium.ElementClickInterceptedException" message="element click intercepted: Element &amp;lt;a class=&amp;quot;nav-link&amp;quot; href=&amp;quot;#&amp;quot; id=&amp;quot;login2&amp;quot; data-toggle=&amp;quot;modal&amp;quot; data-target=&amp;quot;#logInModal&amp;quot; style=&amp;quot;display: block;&amp;quot;&amp;gt;...&amp;lt;/a&amp;gt; is not clickable at point (1121, 37). Other element would receive the click: &amp;lt;div class=&amp;quot;modal fade show&amp;quot; id=&amp;quot;logInModal&amp;quot; tabindex=&amp;quot;-1&amp;quot; role=&amp;quot;dialog&amp;quot; aria-labelledby=&amp;quot;logInModalLabel&amp;quot; style=&amp;quot;display: block;&amp;quot;&amp;gt;...&amp;lt;/div&amp;gt;
  (Session info: chrome=147.0.7727.56)
Build info: version: &amp;apos;4.43.0&amp;apos;, revision: &amp;apos;dd0f534&amp;apos;
System info: os.name: &amp;apos;Windows 11&amp;apos;, os.arch: &amp;apos;amd64&amp;apos;, os.version: &amp;apos;10.0&amp;apos;, java.version: &amp;apos;21.0.6&amp;apos;
Driver info: org.openqa.selenium.chrome.ChromeDriver
Command: [24ec442538bae48520a45804754124d9, clickElement {id=f.1547C7EAB45B6D0E251F1C3B2DC6FEA3.d.FFA1949D4396DFD8AC740944498669D0.e.146}]
Capabilities {acceptInsecureCerts: false, browserName: chrome, browserVersion: 147.0.7727.56, chrome: {chromedriverVersion: 147.0.7727.57 (b4f28b5637d0..., userDataDir: C:\Users\user\AppData\Local...}, fedcm:accounts: true, goog:chromeOptions: {debuggerAddress: localhost:55746}, goog:processID: 5976, networkConnectionEnabled: false, pageLoadStrategy: normal, platformName: windows, proxy: Proxy(), se:cdp: ws://localhost:55746/devtoo..., se:cdpVersion: 147.0.7727.56, setWindowRect: true, strictFileInteractability: false, timeouts: {implicit: 0, pageLoad: 300000, script: 30000}, unhandledPromptBehavior: dismiss and notify, webauthn:extension:credBlob: true, webauthn:extension:largeBlob: true, webauthn:extension:minPinLength: true, webauthn:extension:prf: true, webauthn:virtualAuthenticators: true}
Element: [[ChromeDriver: chrome on windows (24ec442538bae48520a45804754124d9)] -&amp;gt; xpath: //a[@id=&amp;apos;login2&amp;apos;]]
Session ID: 24ec442538bae48520a45804754124d9">
      <![CDATA[org.openqa.selenium.ElementClickInterceptedException: element click intercepted: Element <a class="nav-link" href="#" id="login2" data-toggle="modal" data-target="#logInModal" style="display: block;">...</a> is not clickable at point (1121, 37). Other element would receive the click: <div class="modal fade show" id="logInModal" tabindex="-1" role="dialog" aria-labelledby="logInModalLabel" style="display: block;">...</div>
  (Session info: chrome=147.0.7727.56)
Build info: version: '4.43.0', revision: 'dd0f534'
System info: os.name: 'Windows 11', os.arch: 'amd64', os.version: '10.0', java.version: '21.0.6'
Driver info: org.openqa.selenium.chrome.ChromeDriver
Command: [24ec442538bae48520a45804754124d9, clickElement {id=f.1547C7EAB45B6D0E251F1C3B2DC6FEA3.d.FFA1949D4396DFD8AC740944498669D0.e.146}]
Capabilities {acceptInsecureCerts: false, browserName: chrome, browserVersion: 147.0.7727.56, chrome: {chromedriverVersion: 147.0.7727.57 (b4f28b5637d0..., userDataDir: C:\Users\user\AppData\Local...}, fedcm:accounts: true, goog:chromeOptions: {debuggerAddress: localhost:55746}, goog:processID: 5976, networkConnectionEnabled: false, pageLoadStrategy: normal, platformName: windows, proxy: Proxy(), se:cdp: ws://localhost:55746/devtoo..., se:cdpVersion: 147.0.7727.56, setWindowRect: true, strictFileInteractability: false, timeouts: {implicit: 0, pageLoad: 300000, script: 30000}, unhandledPromptBehavior: dismiss and notify, webauthn:extension:credBlob: true, webauthn:extension:largeBlob: true, webauthn:extension:minPinLength: true, webauthn:extension:prf: true, webauthn:virtualAuthenticators: true}
Element: [[ChromeDriver: chrome on windows (24ec442538bae48520a45804754124d9)] -> xpath: //a[@id='login2']]
Session ID: 24ec442538bae48520a45804754124d9
at org.openqa.selenium.remote.ErrorCodec.decode(ErrorCodec.java:169)
at org.openqa.selenium.remote.codec.w3c.W3CHttpResponseCodec.decode(W3CHttpResponseCodec.java:142)
at org.openqa.selenium.remote.codec.w3c.W3CHttpResponseCodec.decode(W3CHttpResponseCodec.java:49)
at org.openqa.selenium.remote.HttpCommandExecutor.execute(HttpCommandExecutor.java:223)
at org.openqa.selenium.remote.service.DriverCommandExecutor.invokeExecute(DriverCommandExecutor.java:216)
at org.openqa.selenium.remote.service.DriverCommandExecutor.execute(DriverCommandExecutor.java:174)
at org.openqa.selenium.remote.RemoteWebDriver.execute(RemoteWebDriver.java:606)
at org.openqa.selenium.remote.RemoteWebElement.execute(RemoteWebElement.java:223)
at org.openqa.selenium.remote.RemoteWebElement.click(RemoteWebElement.java:76)
at com.test.DemoNewTest.loginCheck(DemoNewTest.java:29)
at java.base/java.util.concurrent.Executors$RunnableAdapter.call(Executors.java:572)
at java.base/java.util.concurrent.FutureTask.run(FutureTask.java:317)
at java.base/java.util.concurrent.ThreadPoolExecutor.runWorker(ThreadPoolExecutor.java:1144)
at java.base/java.util.concurrent.ThreadPoolExecutor$Worker.run(ThreadPoolExecutor.java:642)
at java.base/java.lang.Thread.run(Thread.java:1583)
... Removed 11 stack frames]]>
    </failure>
  </testcase> <!-- loginCheck -->
  <testcase classname="com.test.DemoNewTest" name="loginCheckInValUserName" time="2.247">
    <failure type="org.openqa.selenium.ElementClickInterceptedException" message="element click intercepted: Element &amp;lt;a class=&amp;quot;nav-link&amp;quot; href=&amp;quot;#&amp;quot; id=&amp;quot;login2&amp;quot; data-toggle=&amp;quot;modal&amp;quot; data-target=&amp;quot;#logInModal&amp;quot; style=&amp;quot;display: block;&amp;quot;&amp;gt;...&amp;lt;/a&amp;gt; is not clickable at point (1121, 37). Other element would receive the click: &amp;lt;div class=&amp;quot;modal fade show&amp;quot; id=&amp;quot;logInModal&amp;quot; tabindex=&amp;quot;-1&amp;quot; role=&amp;quot;dialog&amp;quot; aria-labelledby=&amp;quot;logInModalLabel&amp;quot; style=&amp;quot;display: block;&amp;quot;&amp;gt;...&amp;lt;/div&amp;gt;
  (Session info: chrome=147.0.7727.56)
Build info: version: &amp;apos;4.43.0&amp;apos;, revision: &amp;apos;dd0f534&amp;apos;
System info: os.name: &amp;apos;Windows 11&amp;apos;, os.arch: &amp;apos;amd64&amp;apos;, os.version: &amp;apos;10.0&amp;apos;, java.version: &amp;apos;21.0.6&amp;apos;
Driver info: org.openqa.selenium.chrome.ChromeDriver
Command: [24ec442538bae48520a45804754124d9, clickElement {id=f.1547C7EAB45B6D0E251F1C3B2DC6FEA3.d.FFA1949D4396DFD8AC740944498669D0.e.146}]
Capabilities {acceptInsecureCerts: false, browserName: chrome, browserVersion: 147.0.7727.56, chrome: {chromedriverVersion: 147.0.7727.57 (b4f28b5637d0..., userDataDir: C:\Users\user\AppData\Local...}, fedcm:accounts: true, goog:chromeOptions: {debuggerAddress: localhost:55746}, goog:processID: 5976, networkConnectionEnabled: false, pageLoadStrategy: normal, platformName: windows, proxy: Proxy(), se:cdp: ws://localhost:55746/devtoo..., se:cdpVersion: 147.0.7727.56, setWindowRect: true, strictFileInteractability: false, timeouts: {implicit: 0, pageLoad: 300000, script: 30000}, unhandledPromptBehavior: dismiss and notify, webauthn:extension:credBlob: true, webauthn:extension:largeBlob: true, webauthn:extension:minPinLength: true, webauthn:extension:prf: true, webauthn:virtualAuthenticators: true}
Element: [[ChromeDriver: chrome on windows (24ec442538bae48520a45804754124d9)] -&amp;gt; xpath: //a[@id=&amp;apos;login2&amp;apos;]]
Session ID: 24ec442538bae48520a45804754124d9">
      <![CDATA[org.openqa.selenium.ElementClickInterceptedException: element click intercepted: Element <a class="nav-link" href="#" id="login2" data-toggle="modal" data-target="#logInModal" style="display: block;">...</a> is not clickable at point (1121, 37). Other element would receive the click: <div class="modal fade show" id="logInModal" tabindex="-1" role="dialog" aria-labelledby="logInModalLabel" style="display: block;">...</div>
  (Session info: chrome=147.0.7727.56)
Build info: version: '4.43.0', revision: 'dd0f534'
System info: os.name: 'Windows 11', os.arch: 'amd64', os.version: '10.0', java.version: '21.0.6'
Driver info: org.openqa.selenium.chrome.ChromeDriver
Command: [24ec442538bae48520a45804754124d9, clickElement {id=f.1547C7EAB45B6D0E251F1C3B2DC6FEA3.d.FFA1949D4396DFD8AC740944498669D0.e.146}]
Capabilities {acceptInsecureCerts: false, browserName: chrome, browserVersion: 147.0.7727.56, chrome: {chromedriverVersion: 147.0.7727.57 (b4f28b5637d0..., userDataDir: C:\Users\user\AppData\Local...}, fedcm:accounts: true, goog:chromeOptions: {debuggerAddress: localhost:55746}, goog:processID: 5976, networkConnectionEnabled: false, pageLoadStrategy: normal, platformName: windows, proxy: Proxy(), se:cdp: ws://localhost:55746/devtoo..., se:cdpVersion: 147.0.7727.56, setWindowRect: true, strictFileInteractability: false, timeouts: {implicit: 0, pageLoad: 300000, script: 30000}, unhandledPromptBehavior: dismiss and notify, webauthn:extension:credBlob: true, webauthn:extension:largeBlob: true, webauthn:extension:minPinLength: true, webauthn:extension:prf: true, webauthn:virtualAuthenticators: true}
Element: [[ChromeDriver: chrome on windows (24ec442538bae48520a45804754124d9)] -> xpath: //a[@id='login2']]
Session ID: 24ec442538bae48520a45804754124d9
at org.openqa.selenium.remote.ErrorCodec.decode(ErrorCodec.java:169)
at org.openqa.selenium.remote.codec.w3c.W3CHttpResponseCodec.decode(W3CHttpResponseCodec.java:142)
at org.openqa.selenium.remote.codec.w3c.W3CHttpResponseCodec.decode(W3CHttpResponseCodec.java:49)
at org.openqa.selenium.remote.HttpCommandExecutor.execute(HttpCommandExecutor.java:223)
at org.openqa.selenium.remote.service.DriverCommandExecutor.invokeExecute(DriverCommandExecutor.java:216)
at org.openqa.selenium.remote.service.DriverCommandExecutor.execute(DriverCommandExecutor.java:174)
at org.openqa.selenium.remote.RemoteWebDriver.execute(RemoteWebDriver.java:606)
at org.openqa.selenium.remote.RemoteWebElement.execute(RemoteWebElement.java:223)
at org.openqa.selenium.remote.RemoteWebElement.click(RemoteWebElement.java:76)
at com.test.DemoNewTest.loginCheckInValUserName(DemoNewTest.java:57)
at java.base/java.util.concurrent.Executors$RunnableAdapter.call(Executors.java:572)
at java.base/java.util.concurrent.FutureTask.run(FutureTask.java:317)
at java.base/java.util.concurrent.ThreadPoolExecutor.runWorker(ThreadPoolExecutor.java:1144)
at java.base/java.util.concurrent.ThreadPoolExecutor$Worker.run(ThreadPoolExecutor.java:642)
at java.base/java.lang.Thread.run(Thread.java:1583)
... Removed 11 stack frames]]>
    </failure>
  </testcase> <!-- loginCheckInValUserName -->
  <testcase classname="com.test.DemoNewTest" name="loginCheckInValPass" time="2.534"/>
</testsuite> <!-- Parallel Tests -->
