<?xml version="1.0" encoding="UTF-8"?>
<testng-results ignored="0" total="3" passed="2" failed="1" skipped="0">
  <reporter-output>
  </reporter-output>
  <suite started-at="2026-04-17T16:24:48 IST" name="Default suite" finished-at="2026-04-17T16:24:59 IST" duration-ms="11234">
    <groups>
    </groups>
    <test started-at="2026-04-17T16:24:48 IST" name="Default test" finished-at="2026-04-17T16:24:59 IST" duration-ms="11234">
      <class name="com.test.demoBlazeSoftAssert">
        <test-method is-config="true" signature="beforeTest()[pri:0, instance:com.test.demoBlazeSoftAssert@6025e1b6]" started-at="2026-04-17T16:24:48 IST" name="beforeTest" finished-at="2026-04-17T16:24:48 IST" duration-ms="11" status="PASS">
          <reporter-output>
          </reporter-output>
        </test-method> <!-- beforeTest -->
        <test-method is-config="true" signature="beforeMethod()[pri:0, instance:com.test.demoBlazeSoftAssert@6025e1b6]" started-at="2026-04-17T16:24:48 IST" name="beforeMethod" finished-at="2026-04-17T16:24:50 IST" duration-ms="2309" status="PASS">
          <reporter-output>
          </reporter-output>
        </test-method> <!-- beforeMethod -->
        <test-method signature="loginCheck()[pri:0, instance:com.test.demoBlazeSoftAssert@6025e1b6]" started-at="2026-04-17T16:24:50 IST" name="loginCheck" finished-at="2026-04-17T16:24:52 IST" duration-ms="1897" status="PASS">
          <reporter-output>
          </reporter-output>
        </test-method> <!-- loginCheck -->
        <test-method is-config="true" signature="afterMethod()[pri:0, instance:com.test.demoBlazeSoftAssert@6025e1b6]" started-at="2026-04-17T16:24:52 IST" name="afterMethod" finished-at="2026-04-17T16:24:52 IST" duration-ms="173" status="PASS">
          <reporter-output>
          </reporter-output>
        </test-method> <!-- afterMethod -->
        <test-method is-config="true" signature="beforeMethod()[pri:0, instance:com.test.demoBlazeSoftAssert@6025e1b6]" started-at="2026-04-17T16:24:52 IST" name="beforeMethod" finished-at="2026-04-17T16:24:54 IST" duration-ms="1846" status="PASS">
          <reporter-output>
          </reporter-output>
        </test-method> <!-- beforeMethod -->
        <test-method signature="loginCheckInValPass()[pri:0, instance:com.test.demoBlazeSoftAssert@6025e1b6]" started-at="2026-04-17T16:24:54 IST" name="loginCheckInValPass" finished-at="2026-04-17T16:24:55 IST" duration-ms="1474" status="FAIL">
          <exception class="java.lang.AssertionError">
            <message>
              <![CDATA[The following asserts failed:
No Welcome Admin come expected [Welcome admi] but found [Welcome admin],
No Wrong work  expected [Wrong passwor] but found [Wrong password.]]]>
            </message>
            <full-stacktrace>
              <![CDATA[java.lang.AssertionError: The following asserts failed:
No Welcome Admin come expected [Welcome admi] but found [Welcome admin],
No Wrong work  expected [Wrong passwor] but found [Wrong password.]
at org.testng.asserts.SoftAssert.assertAll(SoftAssert.java:46)
at org.testng.asserts.SoftAssert.assertAll(SoftAssert.java:30)
at com.test.demoBlazeSoftAssert.loginCheckInValPass(demoBlazeSoftAssert.java:80)
at java.base/jdk.internal.reflect.DirectMethodHandleAccessor.invoke(DirectMethodHandleAccessor.java:103)
at java.base/java.lang.reflect.Method.invoke(Method.java:580)
at org.testng.internal.invokers.MethodInvocationHelper.invokeMethod(MethodInvocationHelper.java:141)
at org.testng.internal.invokers.TestInvoker.invokeMethod(TestInvoker.java:697)
at org.testng.internal.invokers.TestInvoker.invokeTestMethod(TestInvoker.java:230)
at org.testng.internal.invokers.MethodRunner.runInSequence(MethodRunner.java:63)
at org.testng.internal.invokers.TestInvoker$MethodInvocationAgent.invoke(TestInvoker.java:1005)
at org.testng.internal.invokers.TestInvoker.invokeTestMethods(TestInvoker.java:203)
at org.testng.internal.invokers.TestMethodWorker.invokeTestMethods(TestMethodWorker.java:154)
at org.testng.internal.invokers.TestMethodWorker.run(TestMethodWorker.java:134)
at java.base/java.util.ArrayList.forEach(ArrayList.java:1596)
at org.testng.TestRunner.privateRun(TestRunner.java:744)
at org.testng.TestRunner.run(TestRunner.java:616)
at org.testng.SuiteRunner.runTest(SuiteRunner.java:421)
at org.testng.SuiteRunner.runSequentially(SuiteRunner.java:413)
at org.testng.SuiteRunner.privateRun(SuiteRunner.java:373)
at org.testng.SuiteRunner.run(SuiteRunner.java:312)
at org.testng.SuiteRunnerWorker.runSuite(SuiteRunnerWorker.java:52)
at org.testng.SuiteRunnerWorker.run(SuiteRunnerWorker.java:95)
at org.testng.TestNG.runSuitesSequentially(TestNG.java:1274)
at org.testng.TestNG.runSuitesLocally(TestNG.java:1208)
at org.testng.TestNG.runSuites(TestNG.java:1112)
at org.testng.TestNG.run(TestNG.java:1079)
at org.testng.remote.AbstractRemoteTestNG.run(AbstractRemoteTestNG.java:115)
at org.testng.remote.RemoteTestNG.initAndRun(RemoteTestNG.java:293)
at org.testng.remote.RemoteTestNG.main(RemoteTestNG.java:91)
]]>
            </full-stacktrace>
          </exception> <!-- java.lang.AssertionError -->
          <reporter-output>
          </reporter-output>
        </test-method> <!-- loginCheckInValPass -->
        <test-method is-config="true" signature="afterMethod()[pri:0, instance:com.test.demoBlazeSoftAssert@6025e1b6]" started-at="2026-04-17T16:24:55 IST" name="afterMethod" finished-at="2026-04-17T16:24:56 IST" duration-ms="170" status="PASS">
          <reporter-output>
          </reporter-output>
        </test-method> <!-- afterMethod -->
        <test-method is-config="true" signature="beforeMethod()[pri:0, instance:com.test.demoBlazeSoftAssert@6025e1b6]" started-at="2026-04-17T16:24:56 IST" name="beforeMethod" finished-at="2026-04-17T16:24:57 IST" duration-ms="1658" status="PASS">
          <reporter-output>
          </reporter-output>
        </test-method> <!-- beforeMethod -->
        <test-method signature="loginCheckInValUserName()[pri:0, instance:com.test.demoBlazeSoftAssert@6025e1b6]" started-at="2026-04-17T16:24:57 IST" name="loginCheckInValUserName" finished-at="2026-04-17T16:24:59 IST" duration-ms="1481" status="PASS">
          <reporter-output>
          </reporter-output>
        </test-method> <!-- loginCheckInValUserName -->
        <test-method is-config="true" signature="afterMethod()[pri:0, instance:com.test.demoBlazeSoftAssert@6025e1b6]" started-at="2026-04-17T16:24:59 IST" name="afterMethod" finished-at="2026-04-17T16:24:59 IST" duration-ms="171" status="PASS">
          <reporter-output>
          </reporter-output>
        </test-method> <!-- afterMethod -->
        <test-method is-config="true" signature="afterTest()[pri:0, instance:com.test.demoBlazeSoftAssert@6025e1b6]" started-at="2026-04-17T16:24:59 IST" name="afterTest" finished-at="2026-04-17T16:24:59 IST" duration-ms="1" status="PASS">
          <reporter-output>
          </reporter-output>
        </test-method> <!-- afterTest -->
      </class> <!-- com.test.demoBlazeSoftAssert -->
    </test> <!-- Default test -->
  </suite> <!-- Default suite -->
</testng-results>
