<?xml version="1.0" encoding="UTF-8"?>
<!-- Generated by org.testng.reporters.JUnitReportReporter -->
<testsuite hostname="SR" failures="0" tests="3" name="com.test.dataProviderParalel" time="16.969" errors="0" timestamp="2026-04-20T15:24:48 IST" skipped="0">
  <testcase classname="com.test.dataProviderParalel" name="dataProv" time="4.430"/>
  <testcase classname="com.test.dataProviderParalel" name="dataProv" time="6.077"/>
  <testcase classname="com.test.dataProviderParalel" name="dataProv" time="6.462"/>
</testsuite> <!-- com.test.dataProviderParalel -->
