<?xml version="1.0" encoding="UTF-8"?>
<!-- Generated by org.testng.reporters.JUnitReportReporter -->
<testsuite hostname="SR" failures="0" tests="4" name="com.test.DemoNewTest" time="10.748" errors="0" timestamp="2026-04-17T15:22:30 IST" skipped="0">
  <testcase classname="com.test.DemoNewTest" name="loginCheck" time="2.936"/>
  <testcase classname="com.test.DemoNewTest" name="loginCheckInValUserName" time="3.129"/>
  <testcase classname="com.test.DemoNewTest" name="dependsGroup" time="1.358"/>
  <testcase classname="com.test.DemoNewTest" name="loginCheckInValPass" time="3.325"/>
</testsuite> <!-- com.test.DemoNewTest -->
