<?xml version="1.0" encoding="UTF-8"?>
<!-- Generated by org.testng.reporters.JUnitReportReporter -->
<testsuite hostname="SR" failures="0" tests="3" name="com.test.demoBlazeWithAssertion" time="12.181" errors="0" timestamp="2026-04-17T15:50:09 IST" skipped="0">
  <testcase classname="com.test.demoBlazeWithAssertion" name="loginCheckInValPass" time="4.276"/>
  <testcase classname="com.test.demoBlazeWithAssertion" name="loginCheck" time="4.379"/>
  <testcase classname="com.test.demoBlazeWithAssertion" name="loginCheckInValUserName" time="3.526"/>
</testsuite> <!-- com.test.demoBlazeWithAssertion -->
