<?xml version="1.0" encoding="UTF-8"?>
<!-- Generated by org.testng.reporters.JUnitReportReporter -->
<testsuite hostname="SR" failures="0" tests="3" name="com.test.DemoBlazeDataProviderMain" time="18.323" errors="0" timestamp="2026-04-20T16:41:27 IST" skipped="0">
  <testcase classname="com.test.DemoBlazeDataProviderMain" name="loginCheckInValPass" time="5.094"/>
  <testcase classname="com.test.DemoBlazeDataProviderMain" name="loginCheckInValPass" time="5.666"/>
  <testcase classname="com.test.DemoBlazeDataProviderMain" name="loginCheck" time="7.563"/>
</testsuite> <!-- com.test.DemoBlazeDataProviderMain -->
