<?xml version="1.0" encoding="UTF-8"?>
<!-- Generated by org.testng.reporters.JUnitReportReporter -->
<testsuite hostname="SR" failures="0" tests="3" name="com.test.DemoBlazeWithParameter" time="17.279" errors="0" timestamp="2026-04-20T14:11:51 IST" skipped="0">
  <testcase classname="com.test.DemoBlazeWithParameter" name="login" time="6.370"/>
  <testcase classname="com.test.DemoBlazeWithParameter" name="loginCheckInValUserName" time="5.805"/>
  <testcase classname="com.test.DemoBlazeWithParameter" name="loginCheckInValPass" time="5.104"/>
</testsuite> <!-- com.test.DemoBlazeWithParameter -->
