<?xml version="1.0" encoding="UTF-8"?>
<!-- Generated by org.testng.reporters.JUnitReportReporter -->
<testsuite hostname="SR" failures="0" tests="3" name="com.test.DemoBlazeDataProviderMain" time="18.930" errors="0" timestamp="2026-04-20T16:39:00 IST" skipped="0">
  <testcase classname="com.test.DemoBlazeDataProviderMain" name="loginCheckInValPass" time="5.880"/>
  <testcase classname="com.test.DemoBlazeDataProviderMain" name="loginCheckInValPass" time="5.696"/>
  <testcase classname="com.test.DemoBlazeDataProviderMain" name="loginCheck" time="7.354"/>
</testsuite> <!-- com.test.DemoBlazeDataProviderMain -->
