<?xml version="1.0" encoding="UTF-8"?>
<!-- Generated by org.testng.reporters.JUnitReportReporter -->
<testsuite hostname="SR" failures="0" tests="3" name="com.test.demoDataProvider2" time="13.929" errors="0" timestamp="2026-04-20T15:06:28 IST" skipped="0">
  <testcase classname="com.test.demoDataProvider2" name="dataProv" time="7.623"/>
  <testcase classname="com.test.demoDataProvider2" name="dataProv" time="3.254"/>
  <testcase classname="com.test.demoDataProvider2" name="dataProv" time="3.052"/>
</testsuite> <!-- com.test.demoDataProvider2 -->
