<?xml version="1.0" encoding="UTF-8"?>
<!-- Generated by org.testng.reporters.JUnitReportReporter -->
<testsuite hostname="SR" failures="0" tests="4" name="com.test.DemoNewTest" time="15.307" errors="0" timestamp="2026-04-20T11:21:55 IST" skipped="0">
  <testcase classname="com.test.DemoNewTest" name="loginCheck" time="3.711"/>
  <testcase classname="com.test.DemoNewTest" name="loginCheckInValUserName" time="4.429"/>
  <testcase classname="com.test.DemoNewTest" name="loginCheckInValPass" time="3.681"/>
  <testcase classname="com.test.DemoNewTest" name="dependsGroup" time="3.486"/>
</testsuite> <!-- com.test.DemoNewTest -->
