<?xml version="1.0" encoding="UTF-8"?>
<!-- Generated by org.testng.reporters.JUnitReportReporter -->
<testsuite hostname="SR" failures="0" tests="3" name="com.test.DemoWorkFlow" time="0.012" errors="0" timestamp="2026-04-16T15:11:15 IST" skipped="0">
  <testcase classname="com.test.DemoWorkFlow" name="c" time="0.010"/>
  <testcase classname="com.test.DemoWorkFlow" name="b" time="0.001"/>
  <testcase classname="com.test.DemoWorkFlow" name="a" time="0.001"/>
</testsuite> <!-- com.test.DemoWorkFlow -->
